{
  "RSpec": {
    "coverage": {
      "/home/sp/repos/celmatix/ecomms-api/config/environment.rb": [
        null,
        1,
        null,
        null,
        1
      ],
      "/home/sp/repos/celmatix/ecomms-api/config/application.rb": [
        1,
        null,
        1,
        null,
        1,
        1,
        1,
        1,
        1,
        1,
        1,
        null,
        null,
        1,
        null,
        null,
        null,
        1,
        null,
        1,
        1,
        null,
        1,
        null,
        null,
        null,
        null,
        null,
        null,
        null,
        null,
        1,
        null,
        null,
        1,
        null,
        1,
        1,
        null,
        null,
        null,
        null,
        null,
        null,
        null,
        null,
        null,
        null
      ],
      "/home/sp/repos/celmatix/ecomms-api/config/boot.rb": [
        1,
        null,
        1
      ],
      "/home/sp/repos/celmatix/ecomms-api/app/middleware/catch_json_parse_errors.rb": [
        1,
        1,
        1,
        null,
        null,
        1,
        33,
        33,
        0,
        0,
        0,
        null,
        null,
        null,
        0,
        null,
        0,
        null,
        null,
        null,
        null
      ],
      "/home/sp/repos/celmatix/ecomms-api/config/environments/test.rb": [
        1,
        null,
        null,
        null,
        null,
        null,
        null,
        1,
        null,
        null,
        null,
        null,
        1,
        null,
        null,
        1,
        1,
        null,
        null,
        null,
        null,
        1,
        1,
        null,
        null,
        1,
        null,
        null,
        1,
        1,
        null,
        null,
        null,
        null,
        1,
        null,
        null,
        1,
        null,
        null,
        null,
        null
      ],
      "/home/sp/repos/celmatix/ecomms-api/config/initializers/application_controller_renderer.rb": [
        null,
        null,
        null,
        null,
        null,
        null,
        null,
        null
      ],
      "/home/sp/repos/celmatix/ecomms-api/config/initializers/backtrace_silencers.rb": [
        null,
        null,
        null,
        null,
        null,
        null,
        null
      ],
      "/home/sp/repos/celmatix/ecomms-api/config/initializers/cors.rb": [
        null,
        null,
        null,
        null,
        null,
        null,
        null,
        1,
        1,
        null,
        1,
        null,
        1,
        null,
        null,
        null,
        null
      ],
      "/home/sp/repos/celmatix/ecomms-api/config/initializers/filter_parameter_logging.rb": [
        null,
        null,
        null,
        1
      ],
      "/home/sp/repos/celmatix/ecomms-api/config/initializers/inflections.rb": [
        null,
        null,
        null,
        null,
        null,
        null,
        null,
        null,
        null,
        null,
        null,
        null,
        null,
        null,
        null,
        null
      ],
      "/home/sp/repos/celmatix/ecomms-api/config/initializers/mime_types.rb": [
        null,
        null,
        null,
        null
      ],
      "/home/sp/repos/celmatix/ecomms-api/config/initializers/wrap_parameters.rb": [
        null,
        null,
        null,
        null,
        null,
        null,
        1,
        2,
        null,
        null,
        null,
        null,
        null,
        null
      ],
      "/home/sp/repos/celmatix/ecomms-api/spec/factories/products.rb": [
        1,
        1,
        1,
        1,
        51,
        51,
        1,
        1,
        null,
        null
      ],
      "/home/sp/repos/celmatix/ecomms-api/spec/factories/users.rb": [
        1,
        1,
        1,
        1,
        null,
        null
      ],
      "/home/sp/repos/celmatix/ecomms-api/config/routes.rb": [
        1,
        1,
        1,
        1,
        null
      ],
      "/home/sp/repos/celmatix/ecomms-api/spec/support/controller_spec_helper.rb": [
        1,
        1,
        31,
        null,
        null,
        1,
        1,
        null,
        null,
        1,
        null,
        null,
        null,
        28,
        null,
        null,
        1,
        null,
        null,
        null,
        0,
        null,
        null
      ],
      "/home/sp/repos/celmatix/ecomms-api/spec/support/shoulda_matchers.rb": [
        1,
        1,
        1,
        1,
        null,
        null
      ],
      "/home/sp/repos/celmatix/ecomms-api/spec/support/factory_girl.rb": [
        1,
        1,
        null
      ],
      "/home/sp/repos/celmatix/ecomms-api/spec/support/database_cleaner.rb": [
        1,
        1,
        1,
        1,
        null,
        null,
        1,
        46,
        46,
        null,
        null,
        null
      ],
      "/home/sp/repos/celmatix/ecomms-api/spec/support/request_helper.rb": [
        1,
        1,
        1,
        19,
        null,
        null,
        null
      ],
      "/home/sp/repos/celmatix/ecomms-api/app/auth/authenticate_user.rb": [
        1,
        1,
        9,
        9,
        null,
        null,
        1,
        9,
        null,
        null,
        1,
        null,
        1,
        null,
        null,
        1,
        16,
        16,
        null,
        2,
        null,
        null
      ],
      "/home/sp/repos/celmatix/ecomms-api/spec/auth/authorize_api_request_spec.rb": [
        1,
        null,
        1,
        3,
        2,
        2,
        2,
        null,
        1,
        null,
        1,
        1,
        1,
        1,
        null,
        null,
        null,
        1,
        1,
        1,
        2,
        null,
        null,
        null,
        null,
        null,
        1,
        1,
        1,
        null,
        null,
        1,
        2,
        null,
        null,
        null,
        null,
        null,
        1,
        2,
        2,
        null,
        1,
        2,
        null,
        null,
        null,
        null,
        null,
        null,
        null
      ],
      "/home/sp/repos/celmatix/ecomms-api/app/auth/authorize_api_request.rb": [
        1,
        1,
        22,
        null,
        null,
        1,
        null,
        null,
        22,
        null,
        null,
        1,
        null,
        1,
        null,
        1,
        22,
        null,
        null,
        null,
        1,
        null,
        1,
        null,
        null,
        null,
        1,
        40,
        null,
        null,
        null,
        1,
        22,
        19,
        null,
        3,
        null,
        null
      ],
      "/home/sp/repos/celmatix/ecomms-api/spec/controllers/application_controller_spec.rb": [
        1,
        null,
        1,
        3,
        2,
        2,
        null,
        1,
        1,
        2,
        null,
        null,
        1,
        2,
        null,
        null,
        null,
        1,
        1,
        1,
        null,
        null,
        1,
        3,
        null,
        null,
        null,
        null,
        null
      ],
      "/home/sp/repos/celmatix/ecomms-api/app/controllers/application_controller.rb": [
        1,
        1,
        1,
        null,
        1,
        1,
        null,
        1,
        null,
        null,
        1,
        18,
        null,
        null
      ],
      "/home/sp/repos/celmatix/ecomms-api/app/controllers/concerns/response.rb": [
        1,
        1,
        30,
        null,
        null
      ],
      "/home/sp/repos/celmatix/ecomms-api/app/controllers/concerns/exception_handler.rb": [
        1,
        1,
        null,
        1,
        1,
        1,
        1,
        1,
        null,
        1,
        null,
        1,
        1,
        1,
        1,
        1,
        1,
        null,
        1,
        4,
        null,
        null,
        1,
        6,
        null,
        null,
        1,
        null,
        1,
        2,
        null,
        null,
        1,
        2,
        null,
        null,
        null,
        1,
        null,
        null,
        1,
        0,
        null,
        null,
        null,
        1,
        2,
        null,
        null
      ],
      "/home/sp/repos/celmatix/ecomms-api/spec/mailers/user_mailer_spec.rb": [
        1,
        null,
        1,
        1,
        null
      ],
      "/home/sp/repos/celmatix/ecomms-api/app/mailers/user_mailer.rb": [
        1,
        1,
        null,
        null,
        1,
        5,
        5,
        null,
        null
      ],
      "/home/sp/repos/celmatix/ecomms-api/app/mailers/application_mailer.rb": [
        1,
        1,
        1,
        null
      ],
      "/home/sp/repos/celmatix/ecomms-api/spec/models/product_spec.rb": [
        1,
        null,
        1,
        1,
        2,
        2,
        2,
        2,
        2,
        2,
        null,
        null
      ],
      "/home/sp/repos/celmatix/ecomms-api/app/models/product.rb": [
        1,
        1,
        null
      ],
      "/home/sp/repos/celmatix/ecomms-api/app/models/application_record.rb": [
        1,
        1,
        null
      ],
      "/home/sp/repos/celmatix/ecomms-api/spec/models/user_spec.rb": [
        1,
        null,
        1,
        2,
        2,
        null
      ],
      "/home/sp/repos/celmatix/ecomms-api/app/models/user.rb": [
        1,
        1,
        1,
        null,
        null,
        1,
        null
      ],
      "/home/sp/repos/celmatix/ecomms-api/spec/requests/authentication_controller_spec.rb": [
        1,
        null,
        1,
        1,
        3,
        3,
        null,
        1,
        null,
        null,
        null,
        1,
        null,
        null,
        1,
        null,
        null,
        null,
        1,
        null,
        null,
        null,
        1,
        2,
        null,
        1,
        1,
        null,
        null,
        null,
        null,
        1,
        2,
        null,
        1,
        1,
        null,
        null,
        null,
        null
      ],
      "/home/sp/repos/celmatix/ecomms-api/spec/requests/products_spec.rb": [
        1,
        null,
        1,
        2,
        null,
        8,
        8,
        20,
        18,
        null,
        1,
        1,
        3,
        null,
        1,
        1,
        1,
        null,
        null,
        1,
        1,
        null,
        null,
        null,
        1,
        3,
        null,
        1,
        1,
        1,
        null,
        null,
        1,
        1,
        null,
        null,
        null,
        null,
        1,
        5,
        null,
        1,
        1,
        1,
        1,
        null,
        null,
        1,
        1,
        null,
        null,
        null,
        1,
        3,
        null,
        1,
        1,
        null,
        null,
        1,
        1,
        null,
        null,
        null,
        null,
        1,
        1,
        1,
        null,
        null,
        null,
        null,
        null,
        null,
        null,
        null,
        null,
        2,
        null,
        null,
        3,
        null,
        1,
        1,
        null,
        null,
        1,
        1,
        null,
        null,
        null,
        1,
        1,
        null,
        null,
        null,
        null,
        null,
        null,
        null,
        null,
        null,
        2,
        null,
        null,
        3,
        null,
        1,
        1,
        null,
        null,
        1,
        1,
        null,
        null,
        null,
        null,
        1,
        1,
        1,
        null,
        null,
        null,
        null,
        5,
        null,
        1,
        null,
        null,
        null,
        null,
        2,
        null,
        2,
        null,
        1,
        null,
        6,
        null,
        1,
        1,
        1,
        null,
        null,
        1,
        1,
        null,
        null,
        1,
        1,
        1,
        null,
        null,
        null,
        1,
        3,
        null,
        1,
        1,
        null,
        null,
        1,
        1,
        null,
        null,
        null,
        null,
        1,
        null,
        3,
        null,
        1,
        1,
        null,
        null,
        1,
        1,
        null,
        null,
        null,
        null
      ],
      "/home/sp/repos/celmatix/ecomms-api/spec/requests/users_spec.rb": [
        1,
        null,
        1,
        10,
        10,
        1,
        7,
        null,
        null,
        1,
        1,
        1,
        5,
        5,
        null,
        null,
        1,
        1,
        null,
        null,
        1,
        1,
        null,
        null,
        1,
        1,
        null,
        null,
        1,
        1,
        2,
        2,
        null,
        null,
        1,
        1,
        null,
        null,
        1,
        1,
        null,
        null,
        null,
        null,
        1,
        1,
        1,
        2,
        2,
        null,
        null,
        1,
        1,
        null,
        null,
        1,
        1,
        null,
        null,
        null,
        null,
        1,
        3,
        null,
        1,
        1,
        null,
        null,
        1,
        1,
        null,
        null,
        null,
        null,
        null,
        null
      ],
      "/home/sp/repos/celmatix/ecomms-api/app/lib/json_web_token.rb": [
        1,
        null,
        1,
        null,
        1,
        null,
        39,
        null,
        39,
        null,
        null,
        1,
        null,
        19,
        18,
        null,
        null,
        1,
        null,
        null,
        0,
        null,
        null
      ],
      "/home/sp/repos/celmatix/ecomms-api/app/lib/message.rb": [
        1,
        1,
        2,
        null,
        null,
        1,
        1,
        null,
        null,
        1,
        3,
        null,
        null,
        1,
        5,
        null,
        null,
        1,
        0,
        null,
        null
      ],
      "/home/sp/repos/celmatix/ecomms-api/app/controllers/authentication_controller.rb": [
        1,
        1,
        null,
        null,
        1,
        2,
        1,
        null,
        null,
        1,
        null,
        1,
        4,
        null,
        null
      ],
      "/home/sp/repos/celmatix/ecomms-api/app/controllers/products_controller.rb": [
        1,
        1,
        1,
        null,
        null,
        1,
        4,
        4,
        null,
        null,
        null,
        1,
        2,
        null,
        null,
        null,
        1,
        4,
        2,
        null,
        null,
        null,
        1,
        5,
        3,
        null,
        null,
        1,
        null,
        null,
        1,
        4,
        null,
        null,
        null,
        1,
        5,
        null,
        null,
        1,
        11,
        null,
        null
      ],
      "/home/sp/repos/celmatix/ecomms-api/app/controllers/users_controller.rb": [
        1,
        1,
        null,
        null,
        null,
        1,
        11,
        5,
        5,
        5,
        5,
        null,
        null,
        1,
        null,
        1,
        11,
        null,
        null,
        null,
        null,
        null,
        null
      ]
    },
    "timestamp": 1508933447
  }
}
